Flow report for PICO16a_system
Tue Jan 14 16:52:36 2014
Quartus II 64-Bit Version 12.0 Build 178 05/31/2012 SJ Full Version


---------------------
; Table of Contents ;
---------------------
  1. Legal Notice
  2. Flow Summary
  3. Flow Settings
  4. Flow Non-Default Global Settings
  5. Flow Elapsed Time
  6. Flow OS Summary
  7. Flow Log



----------------
; Legal Notice ;
----------------
Copyright (C) 1991-2012 Altera Corporation
Your use of Altera Corporation's design tools, logic functions 
and other software and tools, and its AMPP partner logic 
functions, and any output files from any of the foregoing 
(including device programming or simulation files), and any 
associated documentation or information are expressly subject 
to the terms and conditions of the Altera Program License 
Subscription Agreement, Altera MegaCore Function License 
Agreement, or other applicable license agreement, including, 
without limitation, that your use is for the sole purpose of 
programming logic devices manufactured by Altera and sold by 
Altera or its authorized distributors.  Please refer to the 
applicable agreement for further details.



+--------------------------------------------------------------------------------+
; Flow Summary                                                                   ;
+------------------------------------+-------------------------------------------+
; Flow Status                        ; Successful - Tue Jan 14 16:52:36 2014     ;
; Quartus II 64-Bit Version          ; 12.0 Build 178 05/31/2012 SJ Full Version ;
; Revision Name                      ; PICO16a_system                            ;
; Top-level Entity Name              ; PICO16a_system                            ;
; Family                             ; Cyclone IV E                              ;
; Device                             ; EP4CE115F29C7                             ;
; Timing Models                      ; Final                                     ;
; Total logic elements               ; 1,486 / 114,480 ( 1 % )                   ;
;     Total combinational functions  ; 1,342 / 114,480 ( 1 % )                   ;
;     Dedicated logic registers      ; 693 / 114,480 ( < 1 % )                   ;
; Total registers                    ; 693                                       ;
; Total pins                         ; 156 / 529 ( 29 % )                        ;
; Total virtual pins                 ; 0                                         ;
; Total memory bits                  ; 156,160 / 3,981,312 ( 4 % )               ;
; Embedded Multiplier 9-bit elements ; 0 / 532 ( 0 % )                           ;
; Total PLLs                         ; 0 / 4 ( 0 % )                             ;
+------------------------------------+-------------------------------------------+


+-----------------------------------------+
; Flow Settings                           ;
+-------------------+---------------------+
; Option            ; Setting             ;
+-------------------+---------------------+
; Start date & time ; 01/14/2014 16:51:27 ;
; Main task         ; Compilation         ;
; Revision Name     ; PICO16a_system      ;
+-------------------+---------------------+


+-------------------------------------------------------------------------------------------------------------------------------------------------------------------+
; Flow Non-Default Global Settings                                                                                                                                  ;
+-----------------------------------------------+---------------------------------------------------------------+--------------------+-------------+----------------+
; Assignment Name                               ; Value                                                         ; Default Value      ; Entity Name ; Section Id     ;
+-----------------------------------------------+---------------------------------------------------------------+--------------------+-------------+----------------+
; AUTO_EXPORT_INCREMENTAL_COMPILATION           ; On                                                            ; Off                ; --          ; --             ;
; COMPILER_SIGNATURE_ID                         ; 109954006853.138968588712927                                  ; --                 ; --          ; --             ;
; CYCLONEII_OPTIMIZATION_TECHNIQUE              ; Speed                                                         ; Balanced           ; --          ; --             ;
; EDA_OUTPUT_DATA_FORMAT                        ; Verilog Hdl                                                   ; --                 ; --          ; eda_simulation ;
; EDA_SIMULATION_TOOL                           ; ModelSim-Altera (Verilog)                                     ; <None>             ; --          ; --             ;
; EDA_TIME_SCALE                                ; 1 ps                                                          ; --                 ; --          ; eda_simulation ;
; FITTER_EFFORT                                 ; Standard Fit                                                  ; Auto Fit           ; --          ; --             ;
; INCREMENTAL_COMPILATION_EXPORT_FILE           ; DE2_Default.qxp                                               ; --                 ; --          ; --             ;
; INCREMENTAL_COMPILATION_EXPORT_PARTITION_NAME ; Top                                                           ; --                 ; --          ; --             ;
; INCREMENTAL_COMPILATION_EXPORT_ROUTING        ; On                                                            ; --                 ; --          ; --             ;
; MAX_CORE_JUNCTION_TEMP                        ; 85                                                            ; --                 ; --          ; --             ;
; MIN_CORE_JUNCTION_TEMP                        ; 0                                                             ; --                 ; --          ; --             ;
; MISC_FILE                                     ; /home/kitamiti/comporg/PICO16a_system.old/PICO16a_system.dpf  ; --                 ; --          ; --             ;
; MISC_FILE                                     ; /home/student/s1190205/fpga/PICO16a_system/PICO16a_system.dpf ; --                 ; --          ; --             ;
; OPTIMIZE_POWER_DURING_FITTING                 ; Extra effort                                                  ; Normal compilation ; --          ; --             ;
; PARTITION_COLOR                               ; 2147039                                                       ; --                 ; --          ; Top            ;
; PARTITION_FITTER_PRESERVATION_LEVEL           ; PLACEMENT_AND_ROUTING                                         ; --                 ; --          ; Top            ;
; PARTITION_NETLIST_TYPE                        ; SOURCE                                                        ; --                 ; --          ; Top            ;
; POWER_BOARD_THERMAL_MODEL                     ; None (CONSERVATIVE)                                           ; --                 ; --          ; --             ;
; POWER_PRESET_COOLING_SOLUTION                 ; 23 MM HEAT SINK WITH 200 LFPM AIRFLOW                         ; --                 ; --          ; --             ;
; TCO_REQUIREMENT                               ; 17 ns                                                         ; --                 ; --          ; --             ;
; TH_REQUIREMENT                                ; 2 ns                                                          ; --                 ; --          ; --             ;
; TPD_REQUIREMENT                               ; 10 ns                                                         ; --                 ; --          ; --             ;
; TSU_REQUIREMENT                               ; 6 ns                                                          ; --                 ; --          ; --             ;
+-----------------------------------------------+---------------------------------------------------------------+--------------------+-------------+----------------+


+-------------------------------------------------------------------------------------------------------------------------------+
; Flow Elapsed Time                                                                                                             ;
+---------------------------+--------------+-------------------------+---------------------+------------------------------------+
; Module Name               ; Elapsed Time ; Average Processors Used ; Peak Virtual Memory ; Total CPU Time (on all processors) ;
+---------------------------+--------------+-------------------------+---------------------+------------------------------------+
; Analysis & Synthesis      ; 00:00:13     ; 1.0                     ; --                  ; 00:00:08                           ;
; Fitter                    ; 00:00:35     ; 2.8                     ; --                  ; 00:00:58                           ;
; TimeQuest Timing Analyzer ; 00:00:07     ; 1.0                     ; --                  ; 00:00:05                           ;
; Assembler                 ; 00:00:08     ; 1.0                     ; --                  ; 00:00:07                           ;
; EDA Netlist Writer        ; 00:00:04     ; 1.0                     ; --                  ; 00:00:03                           ;
; Total                     ; 00:01:07     ; --                      ; --                  ; 00:01:21                           ;
+---------------------------+--------------+-------------------------+---------------------+------------------------------------+


+--------------------------------------------------------------------------------------+
; Flow OS Summary                                                                      ;
+---------------------------+------------------+---------+------------+----------------+
; Module Name               ; Machine Hostname ; OS Name ; OS Version ; Processor type ;
+---------------------------+------------------+---------+------------+----------------+
; Analysis & Synthesis      ; hdw1dc26         ; Red Hat ; 5          ; x86_64         ;
; Fitter                    ; hdw1dc26         ; Red Hat ; 5          ; x86_64         ;
; TimeQuest Timing Analyzer ; hdw1dc26         ; Red Hat ; 5          ; x86_64         ;
; Assembler                 ; hdw1dc26         ; Red Hat ; 5          ; x86_64         ;
; EDA Netlist Writer        ; hdw1dc26         ; Red Hat ; 5          ; x86_64         ;
+---------------------------+------------------+---------+------------+----------------+


------------
; Flow Log ;
------------
quartus_map --read_settings_files=on --write_settings_files=off PICO16a_system -c PICO16a_system
quartus_fit --read_settings_files=off --write_settings_files=off PICO16a_system -c PICO16a_system
quartus_sta PICO16a_system -c PICO16a_system
quartus_asm --read_settings_files=off --write_settings_files=off PICO16a_system -c PICO16a_system
quartus_eda --read_settings_files=off --write_settings_files=off PICO16a_system -c PICO16a_system



